<?xml version="1.0" encoding="UTF-8"?>
<testsuite xmlns:xsi="http://www.w3.org/2001/XMLSchema-instance" xsi:noNamespaceSchemaLocation="https://maven.apache.org/surefire/maven-surefire-plugin/xsd/surefire-test-report.xsd" version="3.0.2" name="rw.bnr.banking.BankingApplicationTests" time="9.164" tests="1" errors="0" skipped="0" failures="0">
  <properties>
    <property name="java.specification.version" value="17"/>
    <property name="sun.jnu.encoding" value="UTF-8"/>
    <property name="java.class.path" value="/home/jodos/Documents/NE/Pratical/codes/java_template/banking/target/test-classes:/home/jodos/Documents/NE/Pratical/codes/java_template/banking/target/classes:/home/jodos/.m2/repository/org/springframework/boot/spring-boot-starter-data-jpa/3.4.4/spring-boot-starter-data-jpa-3.4.4.jar:/home/jodos/.m2/repository/org/springframework/boot/spring-boot-starter/3.4.4/spring-boot-starter-3.4.4.jar:/home/jodos/.m2/repository/org/springframework/boot/spring-boot/3.4.4/spring-boot-3.4.4.jar:/home/jodos/.m2/repository/org/springframework/boot/spring-boot-autoconfigure/3.4.4/spring-boot-autoconfigure-3.4.4.jar:/home/jodos/.m2/repository/org/springframework/boot/spring-boot-starter-logging/3.4.4/spring-boot-starter-logging-3.4.4.jar:/home/jodos/.m2/repository/ch/qos/logback/logback-classic/1.5.18/logback-classic-1.5.18.jar:/home/jodos/.m2/repository/ch/qos/logback/logback-core/1.5.18/logback-core-1.5.18.jar:/home/jodos/.m2/repository/org/apache/logging/log4j/log4j-to-slf4j/2.24.3/log4j-to-slf4j-2.24.3.jar:/home/jodos/.m2/repository/org/apache/logging/log4j/log4j-api/2.24.3/log4j-api-2.24.3.jar:/home/jodos/.m2/repository/org/slf4j/jul-to-slf4j/2.0.17/jul-to-slf4j-2.0.17.jar:/home/jodos/.m2/repository/jakarta/annotation/jakarta.annotation-api/2.1.1/jakarta.annotation-api-2.1.1.jar:/home/jodos/.m2/repository/org/yaml/snakeyaml/2.3/snakeyaml-2.3.jar:/home/jodos/.m2/repository/org/springframework/boot/spring-boot-starter-jdbc/3.4.4/spring-boot-starter-jdbc-3.4.4.jar:/home/jodos/.m2/repository/com/zaxxer/HikariCP/5.1.0/HikariCP-5.1.0.jar:/home/jodos/.m2/repository/org/springframework/spring-jdbc/6.2.5/spring-jdbc-6.2.5.jar:/home/jodos/.m2/repository/org/hibernate/orm/hibernate-core/6.6.11.Final/hibernate-core-6.6.11.Final.jar:/home/jodos/.m2/repository/jakarta/persistence/jakarta.persistence-api/3.1.0/jakarta.persistence-api-3.1.0.jar:/home/jodos/.m2/repository/jakarta/transaction/jakarta.transaction-api/2.0.1/jakarta.transaction-api-2.0.1.jar:/home/jodos/.m2/repository/org/jboss/logging/jboss-logging/3.6.1.Final/jboss-logging-3.6.1.Final.jar:/home/jodos/.m2/repository/org/hibernate/common/hibernate-commons-annotations/7.0.3.Final/hibernate-commons-annotations-7.0.3.Final.jar:/home/jodos/.m2/repository/io/smallrye/jandex/3.2.0/jandex-3.2.0.jar:/home/jodos/.m2/repository/com/fasterxml/classmate/1.7.0/classmate-1.7.0.jar:/home/jodos/.m2/repository/net/bytebuddy/byte-buddy/1.15.11/byte-buddy-1.15.11.jar:/home/jodos/.m2/repository/org/glassfish/jaxb/jaxb-runtime/4.0.5/jaxb-runtime-4.0.5.jar:/home/jodos/.m2/repository/org/glassfish/jaxb/jaxb-core/4.0.5/jaxb-core-4.0.5.jar:/home/jodos/.m2/repository/org/glassfish/jaxb/txw2/4.0.5/txw2-4.0.5.jar:/home/jodos/.m2/repository/com/sun/istack/istack-commons-runtime/4.1.2/istack-commons-runtime-4.1.2.jar:/home/jodos/.m2/repository/jakarta/inject/jakarta.inject-api/2.0.1/jakarta.inject-api-2.0.1.jar:/home/jodos/.m2/repository/org/antlr/antlr4-runtime/4.13.0/antlr4-runtime-4.13.0.jar:/home/jodos/.m2/repository/org/springframework/data/spring-data-jpa/3.4.4/spring-data-jpa-3.4.4.jar:/home/jodos/.m2/repository/org/springframework/data/spring-data-commons/3.4.4/spring-data-commons-3.4.4.jar:/home/jodos/.m2/repository/org/springframework/spring-orm/6.2.5/spring-orm-6.2.5.jar:/home/jodos/.m2/repository/org/springframework/spring-context/6.2.5/spring-context-6.2.5.jar:/home/jodos/.m2/repository/org/springframework/spring-tx/6.2.5/spring-tx-6.2.5.jar:/home/jodos/.m2/repository/org/springframework/spring-beans/6.2.5/spring-beans-6.2.5.jar:/home/jodos/.m2/repository/org/slf4j/slf4j-api/2.0.17/slf4j-api-2.0.17.jar:/home/jodos/.m2/repository/org/springframework/spring-aspects/6.2.5/spring-aspects-6.2.5.jar:/home/jodos/.m2/repository/org/aspectj/aspectjweaver/1.9.23/aspectjweaver-1.9.23.jar:/home/jodos/.m2/repository/org/springframework/boot/spring-boot-starter-mail/3.4.4/spring-boot-starter-mail-3.4.4.jar:/home/jodos/.m2/repository/org/springframework/spring-context-support/6.2.5/spring-context-support-6.2.5.jar:/home/jodos/.m2/repository/org/eclipse/angus/jakarta.mail/2.0.3/jakarta.mail-2.0.3.jar:/home/jodos/.m2/repository/jakarta/activation/jakarta.activation-api/2.1.3/jakarta.activation-api-2.1.3.jar:/home/jodos/.m2/repository/org/eclipse/angus/angus-activation/2.0.2/angus-activation-2.0.2.jar:/home/jodos/.m2/repository/org/springframework/boot/spring-boot-starter-security/3.4.4/spring-boot-starter-security-3.4.4.jar:/home/jodos/.m2/repository/org/springframework/spring-aop/6.2.5/spring-aop-6.2.5.jar:/home/jodos/.m2/repository/org/springframework/security/spring-security-config/6.4.4/spring-security-config-6.4.4.jar:/home/jodos/.m2/repository/org/springframework/security/spring-security-web/6.4.4/spring-security-web-6.4.4.jar:/home/jodos/.m2/repository/org/springframework/spring-expression/6.2.5/spring-expression-6.2.5.jar:/home/jodos/.m2/repository/org/springframework/boot/spring-boot-starter-validation/3.4.4/spring-boot-starter-validation-3.4.4.jar:/home/jodos/.m2/repository/org/apache/tomcat/embed/tomcat-embed-el/10.1.39/tomcat-embed-el-10.1.39.jar:/home/jodos/.m2/repository/org/hibernate/validator/hibernate-validator/8.0.2.Final/hibernate-validator-8.0.2.Final.jar:/home/jodos/.m2/repository/jakarta/validation/jakarta.validation-api/3.0.2/jakarta.validation-api-3.0.2.jar:/home/jodos/.m2/repository/org/springframework/boot/spring-boot-starter-web/3.4.4/spring-boot-starter-web-3.4.4.jar:/home/jodos/.m2/repository/org/springframework/boot/spring-boot-starter-json/3.4.4/spring-boot-starter-json-3.4.4.jar:/home/jodos/.m2/repository/com/fasterxml/jackson/datatype/jackson-datatype-jdk8/2.18.3/jackson-datatype-jdk8-2.18.3.jar:/home/jodos/.m2/repository/com/fasterxml/jackson/datatype/jackson-datatype-jsr310/2.18.3/jackson-datatype-jsr310-2.18.3.jar:/home/jodos/.m2/repository/com/fasterxml/jackson/module/jackson-module-parameter-names/2.18.3/jackson-module-parameter-names-2.18.3.jar:/home/jodos/.m2/repository/org/springframework/boot/spring-boot-starter-tomcat/3.4.4/spring-boot-starter-tomcat-3.4.4.jar:/home/jodos/.m2/repository/org/apache/tomcat/embed/tomcat-embed-core/10.1.39/tomcat-embed-core-10.1.39.jar:/home/jodos/.m2/repository/org/apache/tomcat/embed/tomcat-embed-websocket/10.1.39/tomcat-embed-websocket-10.1.39.jar:/home/jodos/.m2/repository/org/springframework/spring-web/6.2.5/spring-web-6.2.5.jar:/home/jodos/.m2/repository/io/micrometer/micrometer-observation/1.14.5/micrometer-observation-1.14.5.jar:/home/jodos/.m2/repository/io/micrometer/micrometer-commons/1.14.5/micrometer-commons-1.14.5.jar:/home/jodos/.m2/repository/org/springframework/spring-webmvc/6.2.5/spring-webmvc-6.2.5.jar:/home/jodos/.m2/repository/org/postgresql/postgresql/42.7.5/postgresql-42.7.5.jar:/home/jodos/.m2/repository/org/checkerframework/checker-qual/3.48.3/checker-qual-3.48.3.jar:/home/jodos/.m2/repository/org/projectlombok/lombok/1.18.36/lombok-1.18.36.jar:/home/jodos/.m2/repository/org/springframework/boot/spring-boot-starter-test/3.4.4/spring-boot-starter-test-3.4.4.jar:/home/jodos/.m2/repository/org/springframework/boot/spring-boot-test/3.4.4/spring-boot-test-3.4.4.jar:/home/jodos/.m2/repository/org/springframework/boot/spring-boot-test-autoconfigure/3.4.4/spring-boot-test-autoconfigure-3.4.4.jar:/home/jodos/.m2/repository/com/jayway/jsonpath/json-path/2.9.0/json-path-2.9.0.jar:/home/jodos/.m2/repository/jakarta/xml/bind/jakarta.xml.bind-api/4.0.2/jakarta.xml.bind-api-4.0.2.jar:/home/jodos/.m2/repository/net/minidev/json-smart/2.5.2/json-smart-2.5.2.jar:/home/jodos/.m2/repository/net/minidev/accessors-smart/2.5.2/accessors-smart-2.5.2.jar:/home/jodos/.m2/repository/org/ow2/asm/asm/9.7.1/asm-9.7.1.jar:/home/jodos/.m2/repository/org/assertj/assertj-core/3.26.3/assertj-core-3.26.3.jar:/home/jodos/.m2/repository/org/awaitility/awaitility/4.2.2/awaitility-4.2.2.jar:/home/jodos/.m2/repository/org/hamcrest/hamcrest/2.2/hamcrest-2.2.jar:/home/jodos/.m2/repository/org/junit/jupiter/junit-jupiter/5.11.4/junit-jupiter-5.11.4.jar:/home/jodos/.m2/repository/org/junit/jupiter/junit-jupiter-api/5.11.4/junit-jupiter-api-5.11.4.jar:/home/jodos/.m2/repository/org/opentest4j/opentest4j/1.3.0/opentest4j-1.3.0.jar:/home/jodos/.m2/repository/org/junit/platform/junit-platform-commons/1.11.4/junit-platform-commons-1.11.4.jar:/home/jodos/.m2/repository/org/apiguardian/apiguardian-api/1.1.2/apiguardian-api-1.1.2.jar:/home/jodos/.m2/repository/org/junit/jupiter/junit-jupiter-params/5.11.4/junit-jupiter-params-5.11.4.jar:/home/jodos/.m2/repository/org/junit/jupiter/junit-jupiter-engine/5.11.4/junit-jupiter-engine-5.11.4.jar:/home/jodos/.m2/repository/org/junit/platform/junit-platform-engine/1.11.4/junit-platform-engine-1.11.4.jar:/home/jodos/.m2/repository/org/mockito/mockito-core/5.14.2/mockito-core-5.14.2.jar:/home/jodos/.m2/repository/net/bytebuddy/byte-buddy-agent/1.15.11/byte-buddy-agent-1.15.11.jar:/home/jodos/.m2/repository/org/objenesis/objenesis/3.3/objenesis-3.3.jar:/home/jodos/.m2/repository/org/mockito/mockito-junit-jupiter/5.14.2/mockito-junit-jupiter-5.14.2.jar:/home/jodos/.m2/repository/org/skyscreamer/jsonassert/1.5.3/jsonassert-1.5.3.jar:/home/jodos/.m2/repository/com/vaadin/external/google/android-json/0.0.20131108.vaadin1/android-json-0.0.20131108.vaadin1.jar:/home/jodos/.m2/repository/org/springframework/spring-core/6.2.5/spring-core-6.2.5.jar:/home/jodos/.m2/repository/org/springframework/spring-jcl/6.2.5/spring-jcl-6.2.5.jar:/home/jodos/.m2/repository/org/springframework/spring-test/6.2.5/spring-test-6.2.5.jar:/home/jodos/.m2/repository/org/xmlunit/xmlunit-core/2.10.0/xmlunit-core-2.10.0.jar:/home/jodos/.m2/repository/org/springframework/security/spring-security-test/6.4.4/spring-security-test-6.4.4.jar:/home/jodos/.m2/repository/org/springframework/security/spring-security-core/6.4.4/spring-security-core-6.4.4.jar:/home/jodos/.m2/repository/org/springframework/security/spring-security-crypto/6.4.4/spring-security-crypto-6.4.4.jar:/home/jodos/.m2/repository/io/jsonwebtoken/jjwt/0.9.1/jjwt-0.9.1.jar:/home/jodos/.m2/repository/com/fasterxml/jackson/core/jackson-databind/2.18.3/jackson-databind-2.18.3.jar:/home/jodos/.m2/repository/com/fasterxml/jackson/core/jackson-annotations/2.18.3/jackson-annotations-2.18.3.jar:/home/jodos/.m2/repository/com/fasterxml/jackson/core/jackson-core/2.18.3/jackson-core-2.18.3.jar:/home/jodos/.m2/repository/org/apache/commons/commons-lang3/3.17.0/commons-lang3-3.17.0.jar:/home/jodos/.m2/repository/org/passay/passay/1.0/passay-1.0.jar:/home/jodos/.m2/repository/org/cryptacular/cryptacular/1.0/cryptacular-1.0.jar:/home/jodos/.m2/repository/org/bouncycastle/bcprov-jdk15on/1.50/bcprov-jdk15on-1.50.jar:/home/jodos/.m2/repository/org/springdoc/springdoc-openapi-starter-webmvc-ui/2.7.0/springdoc-openapi-starter-webmvc-ui-2.7.0.jar:/home/jodos/.m2/repository/org/springdoc/springdoc-openapi-starter-webmvc-api/2.7.0/springdoc-openapi-starter-webmvc-api-2.7.0.jar:/home/jodos/.m2/repository/org/springdoc/springdoc-openapi-starter-common/2.7.0/springdoc-openapi-starter-common-2.7.0.jar:/home/jodos/.m2/repository/io/swagger/core/v3/swagger-core-jakarta/2.2.25/swagger-core-jakarta-2.2.25.jar:/home/jodos/.m2/repository/io/swagger/core/v3/swagger-annotations-jakarta/2.2.25/swagger-annotations-jakarta-2.2.25.jar:/home/jodos/.m2/repository/io/swagger/core/v3/swagger-models-jakarta/2.2.25/swagger-models-jakarta-2.2.25.jar:/home/jodos/.m2/repository/com/fasterxml/jackson/dataformat/jackson-dataformat-yaml/2.18.3/jackson-dataformat-yaml-2.18.3.jar:/home/jodos/.m2/repository/org/webjars/swagger-ui/5.18.2/swagger-ui-5.18.2.jar:/home/jodos/.m2/repository/org/webjars/webjars-locator-lite/1.0.1/webjars-locator-lite-1.0.1.jar:/home/jodos/.m2/repository/org/jspecify/jspecify/1.0.0/jspecify-1.0.0.jar:"/>
    <property name="java.vm.vendor" value="Debian"/>
    <property name="sun.arch.data.model" value="64"/>
    <property name="java.vendor.url" value="https://tracker.debian.org/openjdk-17"/>
    <property name="user.timezone" value="Africa/Kigali"/>
    <property name="org.jboss.logging.provider" value="slf4j"/>
    <property name="os.name" value="Linux"/>
    <property name="java.vm.specification.version" value="17"/>
    <property name="APPLICATION_NAME" value="banking"/>
    <property name="sun.java.launcher" value="SUN_STANDARD"/>
    <property name="sun.boot.library.path" value="/usr/lib/jvm/java-17-openjdk-amd64/lib"/>
    <property name="sun.java.command" value="/home/jodos/Documents/NE/Pratical/codes/java_template/banking/target/surefire/surefirebooter-20250424201855698_3.jar /home/jodos/Documents/NE/Pratical/codes/java_template/banking/target/surefire 2025-04-24T20-18-55_373-jvmRun1 surefire-20250424201855698_1tmp surefire_0-20250424201855698_2tmp"/>
    <property name="jdk.debug" value="release"/>
    <property name="surefire.test.class.path" value="/home/jodos/Documents/NE/Pratical/codes/java_template/banking/target/test-classes:/home/jodos/Documents/NE/Pratical/codes/java_template/banking/target/classes:/home/jodos/.m2/repository/org/springframework/boot/spring-boot-starter-data-jpa/3.4.4/spring-boot-starter-data-jpa-3.4.4.jar:/home/jodos/.m2/repository/org/springframework/boot/spring-boot-starter/3.4.4/spring-boot-starter-3.4.4.jar:/home/jodos/.m2/repository/org/springframework/boot/spring-boot/3.4.4/spring-boot-3.4.4.jar:/home/jodos/.m2/repository/org/springframework/boot/spring-boot-autoconfigure/3.4.4/spring-boot-autoconfigure-3.4.4.jar:/home/jodos/.m2/repository/org/springframework/boot/spring-boot-starter-logging/3.4.4/spring-boot-starter-logging-3.4.4.jar:/home/jodos/.m2/repository/ch/qos/logback/logback-classic/1.5.18/logback-classic-1.5.18.jar:/home/jodos/.m2/repository/ch/qos/logback/logback-core/1.5.18/logback-core-1.5.18.jar:/home/jodos/.m2/repository/org/apache/logging/log4j/log4j-to-slf4j/2.24.3/log4j-to-slf4j-2.24.3.jar:/home/jodos/.m2/repository/org/apache/logging/log4j/log4j-api/2.24.3/log4j-api-2.24.3.jar:/home/jodos/.m2/repository/org/slf4j/jul-to-slf4j/2.0.17/jul-to-slf4j-2.0.17.jar:/home/jodos/.m2/repository/jakarta/annotation/jakarta.annotation-api/2.1.1/jakarta.annotation-api-2.1.1.jar:/home/jodos/.m2/repository/org/yaml/snakeyaml/2.3/snakeyaml-2.3.jar:/home/jodos/.m2/repository/org/springframework/boot/spring-boot-starter-jdbc/3.4.4/spring-boot-starter-jdbc-3.4.4.jar:/home/jodos/.m2/repository/com/zaxxer/HikariCP/5.1.0/HikariCP-5.1.0.jar:/home/jodos/.m2/repository/org/springframework/spring-jdbc/6.2.5/spring-jdbc-6.2.5.jar:/home/jodos/.m2/repository/org/hibernate/orm/hibernate-core/6.6.11.Final/hibernate-core-6.6.11.Final.jar:/home/jodos/.m2/repository/jakarta/persistence/jakarta.persistence-api/3.1.0/jakarta.persistence-api-3.1.0.jar:/home/jodos/.m2/repository/jakarta/transaction/jakarta.transaction-api/2.0.1/jakarta.transaction-api-2.0.1.jar:/home/jodos/.m2/repository/org/jboss/logging/jboss-logging/3.6.1.Final/jboss-logging-3.6.1.Final.jar:/home/jodos/.m2/repository/org/hibernate/common/hibernate-commons-annotations/7.0.3.Final/hibernate-commons-annotations-7.0.3.Final.jar:/home/jodos/.m2/repository/io/smallrye/jandex/3.2.0/jandex-3.2.0.jar:/home/jodos/.m2/repository/com/fasterxml/classmate/1.7.0/classmate-1.7.0.jar:/home/jodos/.m2/repository/net/bytebuddy/byte-buddy/1.15.11/byte-buddy-1.15.11.jar:/home/jodos/.m2/repository/org/glassfish/jaxb/jaxb-runtime/4.0.5/jaxb-runtime-4.0.5.jar:/home/jodos/.m2/repository/org/glassfish/jaxb/jaxb-core/4.0.5/jaxb-core-4.0.5.jar:/home/jodos/.m2/repository/org/glassfish/jaxb/txw2/4.0.5/txw2-4.0.5.jar:/home/jodos/.m2/repository/com/sun/istack/istack-commons-runtime/4.1.2/istack-commons-runtime-4.1.2.jar:/home/jodos/.m2/repository/jakarta/inject/jakarta.inject-api/2.0.1/jakarta.inject-api-2.0.1.jar:/home/jodos/.m2/repository/org/antlr/antlr4-runtime/4.13.0/antlr4-runtime-4.13.0.jar:/home/jodos/.m2/repository/org/springframework/data/spring-data-jpa/3.4.4/spring-data-jpa-3.4.4.jar:/home/jodos/.m2/repository/org/springframework/data/spring-data-commons/3.4.4/spring-data-commons-3.4.4.jar:/home/jodos/.m2/repository/org/springframework/spring-orm/6.2.5/spring-orm-6.2.5.jar:/home/jodos/.m2/repository/org/springframework/spring-context/6.2.5/spring-context-6.2.5.jar:/home/jodos/.m2/repository/org/springframework/spring-tx/6.2.5/spring-tx-6.2.5.jar:/home/jodos/.m2/repository/org/springframework/spring-beans/6.2.5/spring-beans-6.2.5.jar:/home/jodos/.m2/repository/org/slf4j/slf4j-api/2.0.17/slf4j-api-2.0.17.jar:/home/jodos/.m2/repository/org/springframework/spring-aspects/6.2.5/spring-aspects-6.2.5.jar:/home/jodos/.m2/repository/org/aspectj/aspectjweaver/1.9.23/aspectjweaver-1.9.23.jar:/home/jodos/.m2/repository/org/springframework/boot/spring-boot-starter-mail/3.4.4/spring-boot-starter-mail-3.4.4.jar:/home/jodos/.m2/repository/org/springframework/spring-context-support/6.2.5/spring-context-support-6.2.5.jar:/home/jodos/.m2/repository/org/eclipse/angus/jakarta.mail/2.0.3/jakarta.mail-2.0.3.jar:/home/jodos/.m2/repository/jakarta/activation/jakarta.activation-api/2.1.3/jakarta.activation-api-2.1.3.jar:/home/jodos/.m2/repository/org/eclipse/angus/angus-activation/2.0.2/angus-activation-2.0.2.jar:/home/jodos/.m2/repository/org/springframework/boot/spring-boot-starter-security/3.4.4/spring-boot-starter-security-3.4.4.jar:/home/jodos/.m2/repository/org/springframework/spring-aop/6.2.5/spring-aop-6.2.5.jar:/home/jodos/.m2/repository/org/springframework/security/spring-security-config/6.4.4/spring-security-config-6.4.4.jar:/home/jodos/.m2/repository/org/springframework/security/spring-security-web/6.4.4/spring-security-web-6.4.4.jar:/home/jodos/.m2/repository/org/springframework/spring-expression/6.2.5/spring-expression-6.2.5.jar:/home/jodos/.m2/repository/org/springframework/boot/spring-boot-starter-validation/3.4.4/spring-boot-starter-validation-3.4.4.jar:/home/jodos/.m2/repository/org/apache/tomcat/embed/tomcat-embed-el/10.1.39/tomcat-embed-el-10.1.39.jar:/home/jodos/.m2/repository/org/hibernate/validator/hibernate-validator/8.0.2.Final/hibernate-validator-8.0.2.Final.jar:/home/jodos/.m2/repository/jakarta/validation/jakarta.validation-api/3.0.2/jakarta.validation-api-3.0.2.jar:/home/jodos/.m2/repository/org/springframework/boot/spring-boot-starter-web/3.4.4/spring-boot-starter-web-3.4.4.jar:/home/jodos/.m2/repository/org/springframework/boot/spring-boot-starter-json/3.4.4/spring-boot-starter-json-3.4.4.jar:/home/jodos/.m2/repository/com/fasterxml/jackson/datatype/jackson-datatype-jdk8/2.18.3/jackson-datatype-jdk8-2.18.3.jar:/home/jodos/.m2/repository/com/fasterxml/jackson/datatype/jackson-datatype-jsr310/2.18.3/jackson-datatype-jsr310-2.18.3.jar:/home/jodos/.m2/repository/com/fasterxml/jackson/module/jackson-module-parameter-names/2.18.3/jackson-module-parameter-names-2.18.3.jar:/home/jodos/.m2/repository/org/springframework/boot/spring-boot-starter-tomcat/3.4.4/spring-boot-starter-tomcat-3.4.4.jar:/home/jodos/.m2/repository/org/apache/tomcat/embed/tomcat-embed-core/10.1.39/tomcat-embed-core-10.1.39.jar:/home/jodos/.m2/repository/org/apache/tomcat/embed/tomcat-embed-websocket/10.1.39/tomcat-embed-websocket-10.1.39.jar:/home/jodos/.m2/repository/org/springframework/spring-web/6.2.5/spring-web-6.2.5.jar:/home/jodos/.m2/repository/io/micrometer/micrometer-observation/1.14.5/micrometer-observation-1.14.5.jar:/home/jodos/.m2/repository/io/micrometer/micrometer-commons/1.14.5/micrometer-commons-1.14.5.jar:/home/jodos/.m2/repository/org/springframework/spring-webmvc/6.2.5/spring-webmvc-6.2.5.jar:/home/jodos/.m2/repository/org/postgresql/postgresql/42.7.5/postgresql-42.7.5.jar:/home/jodos/.m2/repository/org/checkerframework/checker-qual/3.48.3/checker-qual-3.48.3.jar:/home/jodos/.m2/repository/org/projectlombok/lombok/1.18.36/lombok-1.18.36.jar:/home/jodos/.m2/repository/org/springframework/boot/spring-boot-starter-test/3.4.4/spring-boot-starter-test-3.4.4.jar:/home/jodos/.m2/repository/org/springframework/boot/spring-boot-test/3.4.4/spring-boot-test-3.4.4.jar:/home/jodos/.m2/repository/org/springframework/boot/spring-boot-test-autoconfigure/3.4.4/spring-boot-test-autoconfigure-3.4.4.jar:/home/jodos/.m2/repository/com/jayway/jsonpath/json-path/2.9.0/json-path-2.9.0.jar:/home/jodos/.m2/repository/jakarta/xml/bind/jakarta.xml.bind-api/4.0.2/jakarta.xml.bind-api-4.0.2.jar:/home/jodos/.m2/repository/net/minidev/json-smart/2.5.2/json-smart-2.5.2.jar:/home/jodos/.m2/repository/net/minidev/accessors-smart/2.5.2/accessors-smart-2.5.2.jar:/home/jodos/.m2/repository/org/ow2/asm/asm/9.7.1/asm-9.7.1.jar:/home/jodos/.m2/repository/org/assertj/assertj-core/3.26.3/assertj-core-3.26.3.jar:/home/jodos/.m2/repository/org/awaitility/awaitility/4.2.2/awaitility-4.2.2.jar:/home/jodos/.m2/repository/org/hamcrest/hamcrest/2.2/hamcrest-2.2.jar:/home/jodos/.m2/repository/org/junit/jupiter/junit-jupiter/5.11.4/junit-jupiter-5.11.4.jar:/home/jodos/.m2/repository/org/junit/jupiter/junit-jupiter-api/5.11.4/junit-jupiter-api-5.11.4.jar:/home/jodos/.m2/repository/org/opentest4j/opentest4j/1.3.0/opentest4j-1.3.0.jar:/home/jodos/.m2/repository/org/junit/platform/junit-platform-commons/1.11.4/junit-platform-commons-1.11.4.jar:/home/jodos/.m2/repository/org/apiguardian/apiguardian-api/1.1.2/apiguardian-api-1.1.2.jar:/home/jodos/.m2/repository/org/junit/jupiter/junit-jupiter-params/5.11.4/junit-jupiter-params-5.11.4.jar:/home/jodos/.m2/repository/org/junit/jupiter/junit-jupiter-engine/5.11.4/junit-jupiter-engine-5.11.4.jar:/home/jodos/.m2/repository/org/junit/platform/junit-platform-engine/1.11.4/junit-platform-engine-1.11.4.jar:/home/jodos/.m2/repository/org/mockito/mockito-core/5.14.2/mockito-core-5.14.2.jar:/home/jodos/.m2/repository/net/bytebuddy/byte-buddy-agent/1.15.11/byte-buddy-agent-1.15.11.jar:/home/jodos/.m2/repository/org/objenesis/objenesis/3.3/objenesis-3.3.jar:/home/jodos/.m2/repository/org/mockito/mockito-junit-jupiter/5.14.2/mockito-junit-jupiter-5.14.2.jar:/home/jodos/.m2/repository/org/skyscreamer/jsonassert/1.5.3/jsonassert-1.5.3.jar:/home/jodos/.m2/repository/com/vaadin/external/google/android-json/0.0.20131108.vaadin1/android-json-0.0.20131108.vaadin1.jar:/home/jodos/.m2/repository/org/springframework/spring-core/6.2.5/spring-core-6.2.5.jar:/home/jodos/.m2/repository/org/springframework/spring-jcl/6.2.5/spring-jcl-6.2.5.jar:/home/jodos/.m2/repository/org/springframework/spring-test/6.2.5/spring-test-6.2.5.jar:/home/jodos/.m2/repository/org/xmlunit/xmlunit-core/2.10.0/xmlunit-core-2.10.0.jar:/home/jodos/.m2/repository/org/springframework/security/spring-security-test/6.4.4/spring-security-test-6.4.4.jar:/home/jodos/.m2/repository/org/springframework/security/spring-security-core/6.4.4/spring-security-core-6.4.4.jar:/home/jodos/.m2/repository/org/springframework/security/spring-security-crypto/6.4.4/spring-security-crypto-6.4.4.jar:/home/jodos/.m2/repository/io/jsonwebtoken/jjwt/0.9.1/jjwt-0.9.1.jar:/home/jodos/.m2/repository/com/fasterxml/jackson/core/jackson-databind/2.18.3/jackson-databind-2.18.3.jar:/home/jodos/.m2/repository/com/fasterxml/jackson/core/jackson-annotations/2.18.3/jackson-annotations-2.18.3.jar:/home/jodos/.m2/repository/com/fasterxml/jackson/core/jackson-core/2.18.3/jackson-core-2.18.3.jar:/home/jodos/.m2/repository/org/apache/commons/commons-lang3/3.17.0/commons-lang3-3.17.0.jar:/home/jodos/.m2/repository/org/passay/passay/1.0/passay-1.0.jar:/home/jodos/.m2/repository/org/cryptacular/cryptacular/1.0/cryptacular-1.0.jar:/home/jodos/.m2/repository/org/bouncycastle/bcprov-jdk15on/1.50/bcprov-jdk15on-1.50.jar:/home/jodos/.m2/repository/org/springdoc/springdoc-openapi-starter-webmvc-ui/2.7.0/springdoc-openapi-starter-webmvc-ui-2.7.0.jar:/home/jodos/.m2/repository/org/springdoc/springdoc-openapi-starter-webmvc-api/2.7.0/springdoc-openapi-starter-webmvc-api-2.7.0.jar:/home/jodos/.m2/repository/org/springdoc/springdoc-openapi-starter-common/2.7.0/springdoc-openapi-starter-common-2.7.0.jar:/home/jodos/.m2/repository/io/swagger/core/v3/swagger-core-jakarta/2.2.25/swagger-core-jakarta-2.2.25.jar:/home/jodos/.m2/repository/io/swagger/core/v3/swagger-annotations-jakarta/2.2.25/swagger-annotations-jakarta-2.2.25.jar:/home/jodos/.m2/repository/io/swagger/core/v3/swagger-models-jakarta/2.2.25/swagger-models-jakarta-2.2.25.jar:/home/jodos/.m2/repository/com/fasterxml/jackson/dataformat/jackson-dataformat-yaml/2.18.3/jackson-dataformat-yaml-2.18.3.jar:/home/jodos/.m2/repository/org/webjars/swagger-ui/5.18.2/swagger-ui-5.18.2.jar:/home/jodos/.m2/repository/org/webjars/webjars-locator-lite/1.0.1/webjars-locator-lite-1.0.1.jar:/home/jodos/.m2/repository/org/jspecify/jspecify/1.0.0/jspecify-1.0.0.jar:"/>
    <property name="sun.cpu.endian" value="little"/>
    <property name="user.home" value="/home/jodos"/>
    <property name="user.language" value="en"/>
    <property name="java.specification.vendor" value="Oracle Corporation"/>
    <property name="java.version.date" value="2025-04-15"/>
    <property name="java.home" value="/usr/lib/jvm/java-17-openjdk-amd64"/>
    <property name="file.separator" value="/"/>
    <property name="basedir" value="/home/jodos/Documents/NE/Pratical/codes/java_template/banking"/>
    <property name="java.vm.compressedOopsMode" value="Zero based"/>
    <property name="line.separator" value="&#10;"/>
    <property name="java.specification.name" value="Java Platform API Specification"/>
    <property name="java.vm.specification.vendor" value="Oracle Corporation"/>
    <property name="FILE_LOG_CHARSET" value="UTF-8"/>
    <property name="java.awt.headless" value="true"/>
    <property name="surefire.real.class.path" value="/home/jodos/Documents/NE/Pratical/codes/java_template/banking/target/surefire/surefirebooter-20250424201855698_3.jar"/>
    <property name="sun.management.compiler" value="HotSpot 64-Bit Tiered Compilers"/>
    <property name="java.runtime.version" value="17.0.15-ea+4-Debian-1"/>
    <property name="user.name" value="jodos"/>
    <property name="path.separator" value=":"/>
    <property name="os.version" value="6.12.20-amd64"/>
    <property name="java.runtime.name" value="OpenJDK Runtime Environment"/>
    <property name="file.encoding" value="UTF-8"/>
    <property name="java.vm.name" value="OpenJDK 64-Bit Server VM"/>
    <property name="localRepository" value="/home/jodos/.m2/repository"/>
    <property name="java.vendor.url.bug" value="https://bugs.debian.org/openjdk-17"/>
    <property name="java.io.tmpdir" value="/tmp"/>
    <property name="com.zaxxer.hikari.pool_number" value="1"/>
    <property name="java.version" value="17.0.15-ea"/>
    <property name="user.dir" value="/home/jodos/Documents/NE/Pratical/codes/java_template/banking"/>
    <property name="os.arch" value="amd64"/>
    <property name="java.vm.specification.name" value="Java Virtual Machine Specification"/>
    <property name="PID" value="1129238"/>
    <property name="CONSOLE_LOG_CHARSET" value="UTF-8"/>
    <property name="native.encoding" value="UTF-8"/>
    <property name="java.library.path" value="/usr/java/packages/lib:/usr/lib/x86_64-linux-gnu/jni:/lib/x86_64-linux-gnu:/usr/lib/x86_64-linux-gnu:/usr/lib/jni:/lib:/usr/lib"/>
    <property name="java.vm.info" value="mixed mode, sharing"/>
    <property name="java.vendor" value="Debian"/>
    <property name="java.vm.version" value="17.0.15-ea+4-Debian-1"/>
    <property name="java.specification.maintenance.version" value="1"/>
    <property name="sun.io.unicode.encoding" value="UnicodeLittle"/>
    <property name="java.class.version" value="61.0"/>
    <property name="LOGGED_APPLICATION_NAME" value="[banking] "/>
  </properties>
  <testcase name="contextLoads" classname="rw.bnr.banking.BankingApplicationTests" time="0.449">
    <system-out><![CDATA[20:18:57.669 [main] INFO org.springframework.test.context.support.AnnotationConfigContextLoaderUtils -- Could not detect default configuration classes for test class [rw.bnr.banking.BankingApplicationTests]: BankingApplicationTests does not declare any static, non-private, non-final, nested classes annotated with @Configuration.
20:18:57.817 [main] INFO org.springframework.boot.test.context.SpringBootTestContextBootstrapper -- Found @SpringBootConfiguration rw.bnr.banking.BankingApplication for test class rw.bnr.banking.BankingApplicationTests

  .   ____          _            __ _ _
 /\\ / ___'_ __ _ _(_)_ __  __ _ \ \ \ \
( ( )\___ | '_ | '_| | '_ \/ _` | \ \ \ \
 \\/  ___)| |_)| | | | | || (_| |  ) ) ) )
  '  |____| .__|_| |_|_| |_\__, | / / / /
 =========|_|==============|___/=/_/_/_/

 :: Spring Boot ::                (v3.4.4)

2025-04-24T20:18:58.603+02:00  INFO 1129238 --- [banking] [           main] rw.bnr.banking.BankingApplicationTests   : Starting BankingApplicationTests using Java 17.0.15-ea with PID 1129238 (started by jodos in /home/jodos/Documents/NE/Pratical/codes/java_template/banking)
2025-04-24T20:18:58.605+02:00  INFO 1129238 --- [banking] [           main] rw.bnr.banking.BankingApplicationTests   : The following 1 profile is active: "dev"
2025-04-24T20:19:00.439+02:00  INFO 1129238 --- [banking] [           main] .s.d.r.c.RepositoryConfigurationDelegate : Bootstrapping Spring Data JPA repositories in DEFAULT mode.
2025-04-24T20:19:00.515+02:00  INFO 1129238 --- [banking] [           main] .s.d.r.c.RepositoryConfigurationDelegate : Finished Spring Data repository scanning in 66 ms. Found 2 JPA repository interfaces.
2025-04-24T20:19:01.361+02:00  INFO 1129238 --- [banking] [           main] o.hibernate.jpa.internal.util.LogHelper  : HHH000204: Processing PersistenceUnitInfo [name: default]
2025-04-24T20:19:01.426+02:00  INFO 1129238 --- [banking] [           main] org.hibernate.Version                    : HHH000412: Hibernate ORM core version 6.6.11.Final
2025-04-24T20:19:01.468+02:00  INFO 1129238 --- [banking] [           main] o.h.c.internal.RegionFactoryInitiator    : HHH000026: Second-level cache disabled
2025-04-24T20:19:01.759+02:00  INFO 1129238 --- [banking] [           main] o.s.o.j.p.SpringPersistenceUnitInfo      : No LoadTimeWeaver setup: ignoring JPA class transformer
2025-04-24T20:19:01.793+02:00  INFO 1129238 --- [banking] [           main] com.zaxxer.hikari.HikariDataSource       : HikariPool-1 - Starting...
2025-04-24T20:19:02.194+02:00  INFO 1129238 --- [banking] [           main] com.zaxxer.hikari.pool.HikariPool        : HikariPool-1 - Added connection org.postgresql.jdbc.PgConnection@49fe0bcd
2025-04-24T20:19:02.196+02:00  INFO 1129238 --- [banking] [           main] com.zaxxer.hikari.HikariDataSource       : HikariPool-1 - Start completed.
2025-04-24T20:19:02.292+02:00  INFO 1129238 --- [banking] [           main] org.hibernate.orm.connections.pooling    : HHH10001005: Database info:
	Database JDBC URL [Connecting through datasource 'HikariDataSource (HikariPool-1)']
	Database driver: undefined/unknown
	Database version: 16.4
	Autocommit mode: undefined/unknown
	Isolation level: undefined/unknown
	Minimum pool size: undefined/unknown
	Maximum pool size: undefined/unknown
2025-04-24T20:19:03.858+02:00  INFO 1129238 --- [banking] [           main] o.h.e.t.j.p.i.JtaPlatformInitiator       : HHH000489: No JTA platform available (set 'hibernate.transaction.jta.platform' to enable JTA platform integration)
2025-04-24T20:19:04.392+02:00  INFO 1129238 --- [banking] [           main] j.LocalContainerEntityManagerFactoryBean : Initialized JPA EntityManagerFactory for persistence unit 'default'
2025-04-24T20:19:04.851+02:00  INFO 1129238 --- [banking] [           main] r$InitializeUserDetailsManagerConfigurer : Global AuthenticationManager configured with UserDetailsService bean with name customUserDetailsService
2025-04-24T20:19:05.937+02:00  INFO 1129238 --- [banking] [           main] rw.bnr.banking.BankingApplicationTests   : Started BankingApplicationTests in 7.77 seconds (process running for 10.087)
CUSTOMER already exists.
ADMIN already exists.
]]></system-out>
  </testcase>
</testsuite>